{"log":
 [{"message":
   ".> ELAN=elan ELAN_HOME=/Users/oliver/.elan ELAN_TOOLCHAIN=leanprover/lean4:v4.21.0 LAKE=/Users/oliver/.elan/toolchains/leanprover--lean4---v4.21.0/bin/lake LAKE_HOME=/Users/oliver/.elan/toolchains/leanprover--lean4---v4.21.0 LAKE_PKG_URL_MAP={} LEAN=/Users/oliver/.elan/toolchains/leanprover--lean4---v4.21.0/bin/lean LEAN_GITHASH=6741444a63eec253a7eae7a83f1beb3de015023d LEAN_SYSROOT=/Users/oliver/.elan/toolchains/leanprover--lean4---v4.21.0 LEAN_AR=/Users/oliver/.elan/toolchains/leanprover--lean4---v4.21.0/bin/llvm-ar LEAN_CC= LEAN_PATH=/Users/oliver/git/iris-lean/.lake/packages/Qq/.lake/build/lib/lean:/Users/oliver/git/iris-lean/.lake/packages/MD4Lean/.lake/build/lib/lean:/Users/oliver/git/iris-lean/.lake/packages/BibtexQuery/.lake/build/lib/lean:/Users/oliver/git/iris-lean/.lake/packages/UnicodeBasic/.lake/build/lib/lean:/Users/oliver/git/iris-lean/.lake/packages/Cli/.lake/build/lib/lean:/Users/oliver/git/iris-lean/.lake/build/lib/lean:/Users/oliver/git/iris-lean/.lake/packages/doc-gen4/.lake/build/lib/lean:/Users/oliver/git/iris-lean/docbuild/.lake/build/lib/lean:/Users/oliver/.elan/toolchains/leanprover--lean4---v4.21.0/lib/lean LEAN_SRC_PATH=/Users/oliver/git/iris-lean/.lake/packages/Qq:/Users/oliver/git/iris-lean/.lake/packages/MD4Lean:/Users/oliver/git/iris-lean/.lake/packages/MD4Lean:/Users/oliver/git/iris-lean/.lake/packages/BibtexQuery:/Users/oliver/git/iris-lean/.lake/packages/UnicodeBasic:/Users/oliver/git/iris-lean/.lake/packages/UnicodeBasic:/Users/oliver/git/iris-lean/.lake/packages/Cli:/Users/oliver/git/iris-lean/./src/:/Users/oliver/git/iris-lean/./src/:/Users/oliver/git/iris-lean/.lake/packages/doc-gen4:/Users/oliver/.elan/toolchains/leanprover--lean4---v4.21.0/src/lean/lake PATH DYLD_LIBRARY_PATH=/Users/oliver/.elan/toolchains/leanprover--lean4---v4.21.0/lib/lean:/Users/oliver/.elan/toolchains/leanprover--lean4---v4.21.0/lib:/Users/oliver/git/iris-lean/docbuild/.lake/build/lib:/Users/oliver/git/iris-lean/.lake/packages/doc-gen4/.lake/build/lib:/Users/oliver/git/iris-lean/.lake/build/lib:/Users/oliver/git/iris-lean/.lake/packages/Cli/.lake/build/lib:/Users/oliver/git/iris-lean/.lake/packages/UnicodeBasic/.lake/build/lib:/Users/oliver/git/iris-lean/.lake/packages/BibtexQuery/.lake/build/lib:/Users/oliver/git/iris-lean/.lake/packages/MD4Lean/.lake/build/lib:/Users/oliver/git/iris-lean/.lake/packages/Qq/.lake/build/lib /Users/oliver/git/iris-lean/.lake/packages/doc-gen4/.lake/build/bin/doc-gen4 single --build /Users/oliver/git/iris-lean/docbuild/.lake/build Qq https://github.com/leanprover-community/quote4/blob/e9c65db4823976353cd0bb03199a172719efbeb7/Qq.lean",
   "level": "trace"}],
 "inputs":
 [["<collection>",
   [["/Users/oliver/git/iris-lean/docbuild/.lake/build/doc/Qq/Macro.html",
     "5687013972551712120"],
    ["/Users/oliver/git/iris-lean/docbuild/.lake/build/doc/Qq/Delab.html",
     "17978875119906082"],
    ["/Users/oliver/git/iris-lean/docbuild/.lake/build/doc/Qq/MetaM.html",
     "12762066782765494579"],
    ["/Users/oliver/git/iris-lean/docbuild/.lake/build/doc/Qq/Simp.html",
     "16291969696915089907"],
    ["/Users/oliver/git/iris-lean/docbuild/.lake/build/doc/Qq/Match.html",
     "6998415334312766372"],
    ["/Users/oliver/git/iris-lean/docbuild/.lake/build/doc/Qq/AssertInstancesCommute.html",
     "13516718747294312461"],
    ["/Users/oliver/git/iris-lean/docbuild/.lake/build/doc/Qq/Commands.html",
     "9797362357118035041"]]],
  ["/Users/oliver/git/iris-lean/docbuild/.lake/build/doc-data/references.json",
   "11893762902049086281"],
  ["/Users/oliver/git/iris-lean/.lake/packages/doc-gen4/.lake/build/bin/doc-gen4",
   "8370956316283772175"],
  ["Qq:leanArts", "8534684966506209946"]],
 "depHash": "11300385994976712082"}